0 info it worked if it ends with ok
1 verbose cli [ '/usr/local/Cellar/node/7.1.0/bin/node',
1 verbose cli   '/usr/local/bin/npm',
1 verbose cli   'start' ]
2 info using npm@3.10.9
3 info using node@v7.1.0
4 verbose run-script [ 'prestart', 'start', 'poststart' ]
5 info lifecycle iConnect@0.0.1~prestart: iConnect@0.0.1
6 silly lifecycle iConnect@0.0.1~prestart: no script for prestart, continuing
7 info lifecycle iConnect@0.0.1~start: iConnect@0.0.1
8 verbose lifecycle iConnect@0.0.1~start: unsafe-perm in lifecycle true
9 verbose lifecycle iConnect@0.0.1~start: PATH: /usr/local/lib/node_modules/npm/bin/node-gyp-bin:/Users/shhouji/Desktop/MobileApplications/iConnect/node_modules/.bin:/usr/local/Cellar/node/7.1.0/bin:/opt/local/bin:/opt/local/sbin:/Users/shhouji/.rvm/gems/ruby-2.3.0/bin:/Users/shhouji/.rvm/gems/ruby-2.3.0@global/bin:/Users/shhouji/.rvm/rubies/ruby-2.3.0/bin:/usr/local/bin:/usr/bin:/bin:/usr/sbin:/sbin:/opt/X11/bin:/Users/shhouji/Documents/apache-maven-3.3.9/bin:/usr/local/mysql/bin/:/Users/shhouji/Library/Android/sdk/platform-tools:/Users/shhouji/Library/Android/sdk/tools:/Users/shhouji/.rvm/bin
10 verbose lifecycle iConnect@0.0.1~start: CWD: /Users/shhouji/Desktop/MobileApplications/iConnect
11 silly lifecycle iConnect@0.0.1~start: Args: [ '-c',
11 silly lifecycle   'node node_modules/react-native/local-cli/cli.js start' ]
12 silly lifecycle iConnect@0.0.1~start: Returned: code: 11  signal: null
13 info lifecycle iConnect@0.0.1~start: Failed to exec start script
14 verbose stack Error: iConnect@0.0.1 start: `node node_modules/react-native/local-cli/cli.js start`
14 verbose stack Exit status 11
14 verbose stack     at EventEmitter.<anonymous> (/usr/local/lib/node_modules/npm/lib/utils/lifecycle.js:255:16)
14 verbose stack     at emitTwo (events.js:106:13)
14 verbose stack     at EventEmitter.emit (events.js:191:7)
14 verbose stack     at ChildProcess.<anonymous> (/usr/local/lib/node_modules/npm/lib/utils/spawn.js:40:14)
14 verbose stack     at emitTwo (events.js:106:13)
14 verbose stack     at ChildProcess.emit (events.js:191:7)
14 verbose stack     at maybeClose (internal/child_process.js:885:16)
14 verbose stack     at Process.ChildProcess._handle.onexit (internal/child_process.js:226:5)
15 verbose pkgid iConnect@0.0.1
16 verbose cwd /Users/shhouji/Desktop/MobileApplications/iConnect
17 error Darwin 16.4.0
18 error argv "/usr/local/Cellar/node/7.1.0/bin/node" "/usr/local/bin/npm" "start"
19 error node v7.1.0
20 error npm  v3.10.9
21 error code ELIFECYCLE
22 error iConnect@0.0.1 start: `node node_modules/react-native/local-cli/cli.js start`
22 error Exit status 11
23 error Failed at the iConnect@0.0.1 start script 'node node_modules/react-native/local-cli/cli.js start'.
23 error Make sure you have the latest version of node.js and npm installed.
23 error If you do, this is most likely a problem with the iConnect package,
23 error not with npm itself.
23 error Tell the author that this fails on your system:
23 error     node node_modules/react-native/local-cli/cli.js start
23 error You can get information on how to open an issue for this project with:
23 error     npm bugs iConnect
23 error Or if that isn't available, you can get their info via:
23 error     npm owner ls iConnect
23 error There is likely additional logging output above.
24 verbose exit [ 1, true ]
